<?xml version="1.0" encoding="UTF-8"?>
<!-- Generated by org.testng.reporters.JUnitXMLReporter -->
<testsuite ignored="0" hostname="BBL8P644F3" failures="1" tests="1" name="ApiTests" time="47.256" errors="0" timestamp="2022-09-15T19:02:50 EDT">
  <testcase classname="com.trax.testCases.TC_GETRestAssured" name="GETRestAssured" time="47.178">
    <failure type="org.openqa.selenium.SessionNotCreatedException" message="Could not start a new session. Response code 500. Message: There is no device that matches your criteria. DesiredCapabilities: {&amp;quot;capabilities&amp;quot;:{&amp;quot;firstMatch&amp;quot;:[{&amp;quot;appium:autoGrantPermissions&amp;quot;:true,&amp;quot;appium:appActivity&amp;quot;:&amp;quot;com.samsung.android.dialer.DialtactsActivity&amp;quot;,&amp;quot;appium:deviceName&amp;quot;:&amp;quot;Samsung.*&amp;quot;,&amp;quot;platformName&amp;quot;:&amp;quot;android&amp;quot;,&amp;quot;appium:automationName&amp;quot;:&amp;quot;UiAutomator2&amp;quot;,&amp;quot;appium:platformVersion&amp;quot;:&amp;quot;12&amp;quot;,&amp;quot;appium:appPackage&amp;quot;:&amp;quot;com.samsung.android.dialer&amp;quot;,&amp;quot;sauce:options&amp;quot;:{&amp;quot;name&amp;quot;:&amp;quot;Appium- Android TCs&amp;quot;,&amp;quot;sauceLabsImageInjectionEnabled&amp;quot;:true,&amp;quot;sauceLabsNetworkCaptureEnabled&amp;quot;:true,&amp;quot;resigningEnabled&amp;quot;:true,&amp;quot;build&amp;quot;:&amp;quot;Atul Appium-Build&amp;quot;}}]}}
Build info: version: &amp;apos;unknown&amp;apos;, revision: &amp;apos;unknown&amp;apos;, time: &amp;apos;unknown&amp;apos;
System info: host: &amp;apos;Sauce Labs RDC&amp;apos;, ip: &amp;apos;N/A&amp;apos;, os.name: &amp;apos;Linux&amp;apos;, os.arch: &amp;apos;amd64&amp;apos;, os.version: &amp;apos;5.4.202+&amp;apos;, java.version: &amp;apos;11.0.16&amp;apos;
Driver info: driver.version: unknown
Build info: version: &amp;apos;4.4.0&amp;apos;, revision: &amp;apos;e5c75ed026a&amp;apos;
System info: host: &amp;apos;BBL8P644F3&amp;apos;, ip: &amp;apos;192.168.0.20&amp;apos;, os.name: &amp;apos;Windows 10&amp;apos;, os.arch: &amp;apos;amd64&amp;apos;, os.version: &amp;apos;10.0&amp;apos;, java.version: &amp;apos;17.0.1&amp;apos;
Driver info: io.appium.java_client.android.AndroidDriver
Command: [null, newSession {capabilities=[{appium:appActivity=com.samsung.android.dialer.DialtactsActivity, appium:appPackage=com.samsung.android.dialer, appium:deviceName=Samsung.*, appium:platformVersion=12, appium:autoGrantPermissions=true, appium:automationName=UiAutomator2, platformName=ANDROID, sauce:options=Capabilities {build: Atul Appium-Build, name: Appium- Android TCs, resigningEnabled: true, sauceLabsImageInjectionEnabled: true, sauceLabsNetworkCaptureEnabled: true}}], desiredCapabilities=Capabilities {appActivity: com.samsung.android.dialer...., appPackage: com.samsung.android.dialer, appium:deviceName: Samsung.*, appium:platformVersion: 12, autoGrantPermissions: true, automationName: UiAutomator2, platformName: ANDROID, sauce:options: Capabilities {build: Atul A...}}]
Capabilities {}">
      <![CDATA[org.openqa.selenium.SessionNotCreatedException: Could not start a new session. Response code 500. Message: There is no device that matches your criteria. DesiredCapabilities: {"capabilities":{"firstMatch":[{"appium:autoGrantPermissions":true,"appium:appActivity":"com.samsung.android.dialer.DialtactsActivity","appium:deviceName":"Samsung.*","platformName":"android","appium:automationName":"UiAutomator2","appium:platformVersion":"12","appium:appPackage":"com.samsung.android.dialer","sauce:options":{"name":"Appium- Android TCs","sauceLabsImageInjectionEnabled":true,"sauceLabsNetworkCaptureEnabled":true,"resigningEnabled":true,"build":"Atul Appium-Build"}}]}}
Build info: version: 'unknown', revision: 'unknown', time: 'unknown'
System info: host: 'Sauce Labs RDC', ip: 'N/A', os.name: 'Linux', os.arch: 'amd64', os.version: '5.4.202+', java.version: '11.0.16'
Driver info: driver.version: unknown
Build info: version: '4.4.0', revision: 'e5c75ed026a'
System info: host: 'BBL8P644F3', ip: '192.168.0.20', os.name: 'Windows 10', os.arch: 'amd64', os.version: '10.0', java.version: '17.0.1'
Driver info: io.appium.java_client.android.AndroidDriver
Command: [null, newSession {capabilities=[{appium:appActivity=com.samsung.android.dialer.DialtactsActivity, appium:appPackage=com.samsung.android.dialer, appium:deviceName=Samsung.*, appium:platformVersion=12, appium:autoGrantPermissions=true, appium:automationName=UiAutomator2, platformName=ANDROID, sauce:options=Capabilities {build: Atul Appium-Build, name: Appium- Android TCs, resigningEnabled: true, sauceLabsImageInjectionEnabled: true, sauceLabsNetworkCaptureEnabled: true}}], desiredCapabilities=Capabilities {appActivity: com.samsung.android.dialer...., appPackage: com.samsung.android.dialer, appium:deviceName: Samsung.*, appium:platformVersion: 12, autoGrantPermissions: true, automationName: UiAutomator2, platformName: ANDROID, sauce:options: Capabilities {build: Atul A...}}]
Capabilities {}
at org.openqa.selenium.remote.ProtocolHandshake.createSession(ProtocolHandshake.java:144)
at io.appium.java_client.remote.AppiumProtocolHandshake.createSession(AppiumProtocolHandshake.java:126)
at io.appium.java_client.remote.AppiumProtocolHandshake.createSession(AppiumProtocolHandshake.java:102)
at io.appium.java_client.remote.AppiumCommandExecutor.createSession(AppiumCommandExecutor.java:155)
at io.appium.java_client.remote.AppiumCommandExecutor.execute(AppiumCommandExecutor.java:189)
at org.openqa.selenium.remote.RemoteWebDriver.execute(RemoteWebDriver.java:547)
at io.appium.java_client.AppiumDriver.startSession(AppiumDriver.java:229)
at org.openqa.selenium.remote.RemoteWebDriver.<init>(RemoteWebDriver.java:157)
at io.appium.java_client.AppiumDriver.<init>(AppiumDriver.java:80)
at io.appium.java_client.AppiumDriver.<init>(AppiumDriver.java:92)
at io.appium.java_client.android.AndroidDriver.<init>(AndroidDriver.java:117)
at com.trax.testCases.TC_GETRestAssured.GETRestAssured(TC_GETRestAssured.java:68)
at java.base/java.util.ArrayList.forEach(ArrayList.java:1511)
... Removed 31 stack frames]]>
    </failure>
  </testcase> <!-- GETRestAssured -->
</testsuite> <!-- ApiTests -->
