<?xml version="1.0" encoding="UTF-8"?>
<testng-results ignored="0" total="1" passed="0" failed="1" skipped="0">
  <reporter-output>
  </reporter-output>
  <suite started-at="2022-09-15T19:02:03 EDT" name="TestV1" finished-at="2022-09-15T19:02:50 EDT" duration-ms="47256">
    <groups>
    </groups>
    <test started-at="2022-09-15T19:02:03 EDT" name="ApiTests" finished-at="2022-09-15T19:02:50 EDT" duration-ms="47256">
      <class name="com.trax.testCases.TC_GETRestAssured">
        <test-method signature="GETRestAssured()[pri:0, instance:com.trax.testCases.TC_GETRestAssured@6e171cd7]" started-at="2022-09-15T19:02:03 EDT" name="GETRestAssured" finished-at="2022-09-15T19:02:50 EDT" duration-ms="47178" status="FAIL">
          <exception class="org.openqa.selenium.SessionNotCreatedException">
            <message>
              <![CDATA[Could not start a new session. Response code 500. Message: There is no device that matches your criteria. DesiredCapabilities: {"capabilities":{"firstMatch":[{"appium:autoGrantPermissions":true,"appium:appActivity":"com.samsung.android.dialer.DialtactsActivity","appium:deviceName":"Samsung.*","platformName":"android","appium:automationName":"UiAutomator2","appium:platformVersion":"12","appium:appPackage":"com.samsung.android.dialer","sauce:options":{"name":"Appium- Android TCs","sauceLabsImageInjectionEnabled":true,"sauceLabsNetworkCaptureEnabled":true,"resigningEnabled":true,"build":"Atul Appium-Build"}}]}}
Build info: version: 'unknown', revision: 'unknown', time: 'unknown'
System info: host: 'Sauce Labs RDC', ip: 'N/A', os.name: 'Linux', os.arch: 'amd64', os.version: '5.4.202+', java.version: '11.0.16'
Driver info: driver.version: unknown
Build info: version: '4.4.0', revision: 'e5c75ed026a'
System info: host: 'BBL8P644F3', ip: '192.168.0.20', os.name: 'Windows 10', os.arch: 'amd64', os.version: '10.0', java.version: '17.0.1'
Driver info: io.appium.java_client.android.AndroidDriver
Command: [null, newSession {capabilities=[{appium:appActivity=com.samsung.android.dialer.DialtactsActivity, appium:appPackage=com.samsung.android.dialer, appium:deviceName=Samsung.*, appium:platformVersion=12, appium:autoGrantPermissions=true, appium:automationName=UiAutomator2, platformName=ANDROID, sauce:options=Capabilities {build: Atul Appium-Build, name: Appium- Android TCs, resigningEnabled: true, sauceLabsImageInjectionEnabled: true, sauceLabsNetworkCaptureEnabled: true}}], desiredCapabilities=Capabilities {appActivity: com.samsung.android.dialer...., appPackage: com.samsung.android.dialer, appium:deviceName: Samsung.*, appium:platformVersion: 12, autoGrantPermissions: true, automationName: UiAutomator2, platformName: ANDROID, sauce:options: Capabilities {build: Atul A...}}]
Capabilities {}]]>
            </message>
            <full-stacktrace>
              <![CDATA[org.openqa.selenium.SessionNotCreatedException: Could not start a new session. Response code 500. Message: There is no device that matches your criteria. DesiredCapabilities: {"capabilities":{"firstMatch":[{"appium:autoGrantPermissions":true,"appium:appActivity":"com.samsung.android.dialer.DialtactsActivity","appium:deviceName":"Samsung.*","platformName":"android","appium:automationName":"UiAutomator2","appium:platformVersion":"12","appium:appPackage":"com.samsung.android.dialer","sauce:options":{"name":"Appium- Android TCs","sauceLabsImageInjectionEnabled":true,"sauceLabsNetworkCaptureEnabled":true,"resigningEnabled":true,"build":"Atul Appium-Build"}}]}}
Build info: version: 'unknown', revision: 'unknown', time: 'unknown'
System info: host: 'Sauce Labs RDC', ip: 'N/A', os.name: 'Linux', os.arch: 'amd64', os.version: '5.4.202+', java.version: '11.0.16'
Driver info: driver.version: unknown
Build info: version: '4.4.0', revision: 'e5c75ed026a'
System info: host: 'BBL8P644F3', ip: '192.168.0.20', os.name: 'Windows 10', os.arch: 'amd64', os.version: '10.0', java.version: '17.0.1'
Driver info: io.appium.java_client.android.AndroidDriver
Command: [null, newSession {capabilities=[{appium:appActivity=com.samsung.android.dialer.DialtactsActivity, appium:appPackage=com.samsung.android.dialer, appium:deviceName=Samsung.*, appium:platformVersion=12, appium:autoGrantPermissions=true, appium:automationName=UiAutomator2, platformName=ANDROID, sauce:options=Capabilities {build: Atul Appium-Build, name: Appium- Android TCs, resigningEnabled: true, sauceLabsImageInjectionEnabled: true, sauceLabsNetworkCaptureEnabled: true}}], desiredCapabilities=Capabilities {appActivity: com.samsung.android.dialer...., appPackage: com.samsung.android.dialer, appium:deviceName: Samsung.*, appium:platformVersion: 12, autoGrantPermissions: true, automationName: UiAutomator2, platformName: ANDROID, sauce:options: Capabilities {build: Atul A...}}]
Capabilities {}
at org.openqa.selenium.remote.ProtocolHandshake.createSession(ProtocolHandshake.java:144)
at java.base/jdk.internal.reflect.NativeMethodAccessorImpl.invoke0(Native Method)
at java.base/jdk.internal.reflect.NativeMethodAccessorImpl.invoke(NativeMethodAccessorImpl.java:77)
at java.base/jdk.internal.reflect.DelegatingMethodAccessorImpl.invoke(DelegatingMethodAccessorImpl.java:43)
at java.base/java.lang.reflect.Method.invoke(Method.java:568)
at io.appium.java_client.remote.AppiumProtocolHandshake.createSession(AppiumProtocolHandshake.java:126)
at io.appium.java_client.remote.AppiumProtocolHandshake.createSession(AppiumProtocolHandshake.java:102)
at io.appium.java_client.remote.AppiumCommandExecutor.createSession(AppiumCommandExecutor.java:155)
at io.appium.java_client.remote.AppiumCommandExecutor.execute(AppiumCommandExecutor.java:189)
at org.openqa.selenium.remote.RemoteWebDriver.execute(RemoteWebDriver.java:547)
at io.appium.java_client.AppiumDriver.startSession(AppiumDriver.java:229)
at org.openqa.selenium.remote.RemoteWebDriver.<init>(RemoteWebDriver.java:157)
at io.appium.java_client.AppiumDriver.<init>(AppiumDriver.java:80)
at io.appium.java_client.AppiumDriver.<init>(AppiumDriver.java:92)
at io.appium.java_client.android.AndroidDriver.<init>(AndroidDriver.java:117)
at com.trax.testCases.TC_GETRestAssured.GETRestAssured(TC_GETRestAssured.java:68)
at java.base/jdk.internal.reflect.NativeMethodAccessorImpl.invoke0(Native Method)
at java.base/jdk.internal.reflect.NativeMethodAccessorImpl.invoke(NativeMethodAccessorImpl.java:77)
at java.base/jdk.internal.reflect.DelegatingMethodAccessorImpl.invoke(DelegatingMethodAccessorImpl.java:43)
at java.base/java.lang.reflect.Method.invoke(Method.java:568)
at org.testng.internal.MethodInvocationHelper.invokeMethod(MethodInvocationHelper.java:134)
at org.testng.internal.TestInvoker.invokeMethod(TestInvoker.java:597)
at org.testng.internal.TestInvoker.invokeTestMethod(TestInvoker.java:173)
at org.testng.internal.MethodRunner.runInSequence(MethodRunner.java:46)
at org.testng.internal.TestInvoker$MethodInvocationAgent.invoke(TestInvoker.java:816)
at org.testng.internal.TestInvoker.invokeTestMethods(TestInvoker.java:146)
at org.testng.internal.TestMethodWorker.invokeTestMethods(TestMethodWorker.java:146)
at org.testng.internal.TestMethodWorker.run(TestMethodWorker.java:128)
at java.base/java.util.ArrayList.forEach(ArrayList.java:1511)
at org.testng.TestRunner.privateRun(TestRunner.java:766)
at org.testng.TestRunner.run(TestRunner.java:587)
at org.testng.SuiteRunner.runTest(SuiteRunner.java:384)
at org.testng.SuiteRunner.runSequentially(SuiteRunner.java:378)
at org.testng.SuiteRunner.privateRun(SuiteRunner.java:337)
at org.testng.SuiteRunner.run(SuiteRunner.java:286)
at org.testng.SuiteRunnerWorker.runSuite(SuiteRunnerWorker.java:53)
at org.testng.SuiteRunnerWorker.run(SuiteRunnerWorker.java:96)
at org.testng.TestNG.runSuitesSequentially(TestNG.java:1187)
at org.testng.TestNG.runSuitesLocally(TestNG.java:1109)
at org.testng.TestNG.runSuites(TestNG.java:1039)
at org.testng.TestNG.run(TestNG.java:1007)
at org.testng.remote.AbstractRemoteTestNG.run(AbstractRemoteTestNG.java:115)
at org.testng.remote.RemoteTestNG.initAndRun(RemoteTestNG.java:251)
at org.testng.remote.RemoteTestNG.main(RemoteTestNG.java:77)
]]>
            </full-stacktrace>
          </exception> <!-- org.openqa.selenium.SessionNotCreatedException -->
          <reporter-output>
          </reporter-output>
        </test-method> <!-- GETRestAssured -->
      </class> <!-- com.trax.testCases.TC_GETRestAssured -->
    </test> <!-- ApiTests -->
  </suite> <!-- TestV1 -->
</testng-results>
